<?xml version="1.0" encoding="UTF-8"?>
<!-- Generated by org.testng.reporters.JUnitXMLReporter -->
<testsuite hostname="christian-VirtualBox" name="Surefire test" tests="29" failures="0" timestamp="12 Dec 2017 16:55:11 GMT" time="2.837" errors="0">
  <testcase name="testMultiplicationWithNegativeNumbers on testMultiplicationWithNegativeNumbers(assignment05.project_calculator_christianh.CalculatorBasicOperationsTest)" time="0.382" classname="assignment05.project_calculator_christianh.CalculatorBasicOperationsTest"/>
  <testcase name="testSubtractionWithZero on testSubtractionWithZero(assignment05.project_calculator_christianh.CalculatorBasicOperationsTest)" time="0.243" classname="assignment05.project_calculator_christianh.CalculatorBasicOperationsTest"/>
  <testcase name="testMultiplicationWithZeros on testMultiplicationWithZeros(assignment05.project_calculator_christianh.CalculatorBasicOperationsTest)" time="0.135" classname="assignment05.project_calculator_christianh.CalculatorBasicOperationsTest"/>
  <testcase name="testDivisionWithZeros on testDivisionWithZeros(assignment05.project_calculator_christianh.CalculatorBasicOperationsTest)" time="0.092" classname="assignment05.project_calculator_christianh.CalculatorBasicOperationsTest"/>
  <testcase name="testDivisionWithPositiveNumbers on testDivisionWithPositiveNumbers(assignment05.project_calculator_christianh.CalculatorBasicOperationsTest)" time="0.117" classname="assignment05.project_calculator_christianh.CalculatorBasicOperationsTest"/>
  <testcase name="testDivisionWithNegativeNumbers on testDivisionWithNegativeNumbers(assignment05.project_calculator_christianh.CalculatorBasicOperationsTest)" time="0.085" classname="assignment05.project_calculator_christianh.CalculatorBasicOperationsTest"/>
  <testcase name="testSubtractionWithPositiveNumbers on testSubtractionWithPositiveNumbers(assignment05.project_calculator_christianh.CalculatorBasicOperationsTest)" time="0.117" classname="assignment05.project_calculator_christianh.CalculatorBasicOperationsTest"/>
  <testcase name="testAdditionWithZero on testAdditionWithZero(assignment05.project_calculator_christianh.CalculatorBasicOperationsTest)" time="0.118" classname="assignment05.project_calculator_christianh.CalculatorBasicOperationsTest"/>
  <testcase name="testSubtractionWithNegativeNumbers on testSubtractionWithNegativeNumbers(assignment05.project_calculator_christianh.CalculatorBasicOperationsTest)" time="0.095" classname="assignment05.project_calculator_christianh.CalculatorBasicOperationsTest"/>
  <testcase name="testAdditionWithPositiveNumbers on testAdditionWithPositiveNumbers(assignment05.project_calculator_christianh.CalculatorBasicOperationsTest)" time="0.062" classname="assignment05.project_calculator_christianh.CalculatorBasicOperationsTest"/>
  <testcase name="testMultiplicationWithPositiveNumbers on testMultiplicationWithPositiveNumbers(assignment05.project_calculator_christianh.CalculatorBasicOperationsTest)" time="0.091" classname="assignment05.project_calculator_christianh.CalculatorBasicOperationsTest"/>
  <testcase name="testAdditionWithNegativeNumbers on testAdditionWithNegativeNumbers(assignment05.project_calculator_christianh.CalculatorBasicOperationsTest)" time="0.066" classname="assignment05.project_calculator_christianh.CalculatorBasicOperationsTest"/>
  <testcase name="testRandomWithPositiveNumbers on testRandomWithPositiveNumbers(assignment05.project_calculator_christianh.CalculatorAdvancedOperationsTest)" time="0.083" classname="assignment05.project_calculator_christianh.CalculatorAdvancedOperationsTest"/>
  <testcase name="testRandomWithNegativeNumbers on testRandomWithNegativeNumbers(assignment05.project_calculator_christianh.CalculatorAdvancedOperationsTest)" time="0.063" classname="assignment05.project_calculator_christianh.CalculatorAdvancedOperationsTest"/>
  <testcase name="testtoDegreesWithZeros on testtoDegreesWithZeros(assignment05.project_calculator_christianh.CalculatorAdvancedOperationsTest)" time="0.053" classname="assignment05.project_calculator_christianh.CalculatorAdvancedOperationsTest"/>
  <testcase name="testtoRadiansWithPositiveNumbers on testtoRadiansWithPositiveNumbers(assignment05.project_calculator_christianh.CalculatorAdvancedOperationsTest)" time="0.073" classname="assignment05.project_calculator_christianh.CalculatorAdvancedOperationsTest"/>
  <testcase name="testtoRadiansWithZeros on testtoRadiansWithZeros(assignment05.project_calculator_christianh.CalculatorAdvancedOperationsTest)" time="0.051" classname="assignment05.project_calculator_christianh.CalculatorAdvancedOperationsTest"/>
  <testcase name="testabsoluteValueWithZeros on testabsoluteValueWithZeros(assignment05.project_calculator_christianh.CalculatorAdvancedOperationsTest)" time="0.031" classname="assignment05.project_calculator_christianh.CalculatorAdvancedOperationsTest"/>
  <testcase name="testtoRadiansWithNegativeNumbers on testtoRadiansWithNegativeNumbers(assignment05.project_calculator_christianh.CalculatorAdvancedOperationsTest)" time="0.038" classname="assignment05.project_calculator_christianh.CalculatorAdvancedOperationsTest"/>
  <testcase name="testabsoluteValueWithPositiveNumbers on testabsoluteValueWithPositiveNumbers(assignment05.project_calculator_christianh.CalculatorAdvancedOperationsTest)" time="0.049" classname="assignment05.project_calculator_christianh.CalculatorAdvancedOperationsTest"/>
  <testcase name="testabsoluteValueWithNegativeNumbers on testabsoluteValueWithNegativeNumbers(assignment05.project_calculator_christianh.CalculatorAdvancedOperationsTest)" time="0.052" classname="assignment05.project_calculator_christianh.CalculatorAdvancedOperationsTest"/>
  <testcase name="testtoDegreesWithPositiveNumbers on testtoDegreesWithPositiveNumbers(assignment05.project_calculator_christianh.CalculatorAdvancedOperationsTest)" time="0.033" classname="assignment05.project_calculator_christianh.CalculatorAdvancedOperationsTest"/>
  <testcase name="testtoDegreesWithNegativeNumbers on testtoDegreesWithNegativeNumbers(assignment05.project_calculator_christianh.CalculatorAdvancedOperationsTest)" time="0.052" classname="assignment05.project_calculator_christianh.CalculatorAdvancedOperationsTest"/>
  <testcase name="testSquareWithPositiveNumbers on testSquareWithPositiveNumbers(assignment05.project_calculator_christianh.CalculatorAdvancedOperationsTest)" time="0.041" classname="assignment05.project_calculator_christianh.CalculatorAdvancedOperationsTest"/>
  <testcase name="testSquareWithNegativeNumbers on testSquareWithNegativeNumbers(assignment05.project_calculator_christianh.CalculatorAdvancedOperationsTest)" time="0.026" classname="assignment05.project_calculator_christianh.CalculatorAdvancedOperationsTest"/>
  <testcase name="testRandomWithZeros on testRandomWithZeros(assignment05.project_calculator_christianh.CalculatorAdvancedOperationsTest)" time="0.035" classname="assignment05.project_calculator_christianh.CalculatorAdvancedOperationsTest"/>
  <testcase name="testSquareWithZeros on testSquareWithZeros(assignment05.project_calculator_christianh.CalculatorAdvancedOperationsTest)" time="0.043" classname="assignment05.project_calculator_christianh.CalculatorAdvancedOperationsTest"/>
  <testcase name="testLogWithPositiveNumbers on testLogWithPositiveNumbers(assignment05.project_calculator_christianh.CalculatorAdvancedOperationsTest)" time="0.06" classname="assignment05.project_calculator_christianh.CalculatorAdvancedOperationsTest"/>
  <testcase name="testLogWithNegativeNumbers on testLogWithNegativeNumbers(assignment05.project_calculator_christianh.CalculatorAdvancedOperationsTest)" time="0.053" classname="assignment05.project_calculator_christianh.CalculatorAdvancedOperationsTest"/>
</testsuite> <!-- Surefire test -->
