<?xml version="1.0" encoding="UTF-8"?>
<testsuite name="TestSuite" time="2.572" tests="29" errors="0" skipped="0" failures="0">
  <properties>
[...]
</properties>
  <testcase name="testMultiplicationWithNegativeNumbers on testMultiplicationWithNegativeNumbers(assignment05.project_calculator_christianh.CalculatorBasicOperationsTest)" classname="assignment05.project_calculator_christianh.CalculatorBasicOperationsTest" time="0.415"/>
  <testcase name="testSubtractionWithZero on testSubtractionWithZero(assignment05.project_calculator_christianh.CalculatorBasicOperationsTest)" classname="assignment05.project_calculator_christianh.CalculatorBasicOperationsTest" time="0.265"/>
  <testcase name="testMultiplicationWithZeros on testMultiplicationWithZeros(assignment05.project_calculator_christianh.CalculatorBasicOperationsTest)" classname="assignment05.project_calculator_christianh.CalculatorBasicOperationsTest" time="0.156"/>
  <testcase name="testDivisionWithZeros on testDivisionWithZeros(assignment05.project_calculator_christianh.CalculatorBasicOperationsTest)" classname="assignment05.project_calculator_christianh.CalculatorBasicOperationsTest" time="0.146"/>
  <testcase name="testDivisionWithPositiveNumbers on testDivisionWithPositiveNumbers(assignment05.project_calculator_christianh.CalculatorBasicOperationsTest)" classname="assignment05.project_calculator_christianh.CalculatorBasicOperationsTest" time="0.136"/>
  <testcase name="testDivisionWithNegativeNumbers on testDivisionWithNegativeNumbers(assignment05.project_calculator_christianh.CalculatorBasicOperationsTest)" classname="assignment05.project_calculator_christianh.CalculatorBasicOperationsTest" time="0.108"/>
  <testcase name="testSubtractionWithPositiveNumbers on testSubtractionWithPositiveNumbers(assignment05.project_calculator_christianh.CalculatorBasicOperationsTest)" classname="assignment05.project_calculator_christianh.CalculatorBasicOperationsTest" time="0.114"/>
  <testcase name="testAdditionWithZero on testAdditionWithZero(assignment05.project_calculator_christianh.CalculatorBasicOperationsTest)" classname="assignment05.project_calculator_christianh.CalculatorBasicOperationsTest" time="0.126"/>
  <testcase name="testSubtractionWithNegativeNumbers on testSubtractionWithNegativeNumbers(assignment05.project_calculator_christianh.CalculatorBasicOperationsTest)" classname="assignment05.project_calculator_christianh.CalculatorBasicOperationsTest" time="0.058"/>
  <testcase name="testAdditionWithPositiveNumbers on testAdditionWithPositiveNumbers(assignment05.project_calculator_christianh.CalculatorBasicOperationsTest)" classname="assignment05.project_calculator_christianh.CalculatorBasicOperationsTest" time="0.057"/>
  <testcase name="testMultiplicationWithPositiveNumbers on testMultiplicationWithPositiveNumbers(assignment05.project_calculator_christianh.CalculatorBasicOperationsTest)" classname="assignment05.project_calculator_christianh.CalculatorBasicOperationsTest" time="0.084"/>
  <testcase name="testAdditionWithNegativeNumbers on testAdditionWithNegativeNumbers(assignment05.project_calculator_christianh.CalculatorBasicOperationsTest)" classname="assignment05.project_calculator_christianh.CalculatorBasicOperationsTest" time="0.064"/>
  <testcase name="testRandomWithPositiveNumbers on testRandomWithPositiveNumbers(assignment05.project_calculator_christianh.CalculatorAdvancedOperationsTest)" classname="assignment05.project_calculator_christianh.CalculatorAdvancedOperationsTest" time="0.057"/>
  <testcase name="testRandomWithNegativeNumbers on testRandomWithNegativeNumbers(assignment05.project_calculator_christianh.CalculatorAdvancedOperationsTest)" classname="assignment05.project_calculator_christianh.CalculatorAdvancedOperationsTest" time="0.054"/>
  <testcase name="testtoDegreesWithZeros on testtoDegreesWithZeros(assignment05.project_calculator_christianh.CalculatorAdvancedOperationsTest)" classname="assignment05.project_calculator_christianh.CalculatorAdvancedOperationsTest" time="0.044"/>
  <testcase name="testtoRadiansWithPositiveNumbers on testtoRadiansWithPositiveNumbers(assignment05.project_calculator_christianh.CalculatorAdvancedOperationsTest)" classname="assignment05.project_calculator_christianh.CalculatorAdvancedOperationsTest" time="0.063"/>
  <testcase name="testtoRadiansWithZeros on testtoRadiansWithZeros(assignment05.project_calculator_christianh.CalculatorAdvancedOperationsTest)" classname="assignment05.project_calculator_christianh.CalculatorAdvancedOperationsTest" time="0.04"/>
  <testcase name="testabsoluteValueWithZeros on testabsoluteValueWithZeros(assignment05.project_calculator_christianh.CalculatorAdvancedOperationsTest)" classname="assignment05.project_calculator_christianh.CalculatorAdvancedOperationsTest" time="0.042"/>
  <testcase name="testtoRadiansWithNegativeNumbers on testtoRadiansWithNegativeNumbers(assignment05.project_calculator_christianh.CalculatorAdvancedOperationsTest)" classname="assignment05.project_calculator_christianh.CalculatorAdvancedOperationsTest" time="0.049"/>
  <testcase name="testabsoluteValueWithPositiveNumbers on testabsoluteValueWithPositiveNumbers(assignment05.project_calculator_christianh.CalculatorAdvancedOperationsTest)" classname="assignment05.project_calculator_christianh.CalculatorAdvancedOperationsTest" time="0.052"/>
  <testcase name="testabsoluteValueWithNegativeNumbers on testabsoluteValueWithNegativeNumbers(assignment05.project_calculator_christianh.CalculatorAdvancedOperationsTest)" classname="assignment05.project_calculator_christianh.CalculatorAdvancedOperationsTest" time="0.031"/>
  <testcase name="testtoDegreesWithPositiveNumbers on testtoDegreesWithPositiveNumbers(assignment05.project_calculator_christianh.CalculatorAdvancedOperationsTest)" classname="assignment05.project_calculator_christianh.CalculatorAdvancedOperationsTest" time="0.058"/>
  <testcase name="testtoDegreesWithNegativeNumbers on testtoDegreesWithNegativeNumbers(assignment05.project_calculator_christianh.CalculatorAdvancedOperationsTest)" classname="assignment05.project_calculator_christianh.CalculatorAdvancedOperationsTest" time="0.049"/>
  <testcase name="testSquareWithPositiveNumbers on testSquareWithPositiveNumbers(assignment05.project_calculator_christianh.CalculatorAdvancedOperationsTest)" classname="assignment05.project_calculator_christianh.CalculatorAdvancedOperationsTest" time="0.045"/>
  <testcase name="testSquareWithNegativeNumbers on testSquareWithNegativeNumbers(assignment05.project_calculator_christianh.CalculatorAdvancedOperationsTest)" classname="assignment05.project_calculator_christianh.CalculatorAdvancedOperationsTest" time="0.033"/>
  <testcase name="testRandomWithZeros on testRandomWithZeros(assignment05.project_calculator_christianh.CalculatorAdvancedOperationsTest)" classname="assignment05.project_calculator_christianh.CalculatorAdvancedOperationsTest" time="0.091"/>
  <testcase name="testSquareWithZeros on testSquareWithZeros(assignment05.project_calculator_christianh.CalculatorAdvancedOperationsTest)" classname="assignment05.project_calculator_christianh.CalculatorAdvancedOperationsTest" time="0.049"/>
  <testcase name="testLogWithPositiveNumbers on testLogWithPositiveNumbers(assignment05.project_calculator_christianh.CalculatorAdvancedOperationsTest)" classname="assignment05.project_calculator_christianh.CalculatorAdvancedOperationsTest" time="0.043"/>
  <testcase name="testLogWithNegativeNumbers on testLogWithNegativeNumbers(assignment05.project_calculator_christianh.CalculatorAdvancedOperationsTest)" classname="assignment05.project_calculator_christianh.CalculatorAdvancedOperationsTest" time="0.043"/>
</testsuite>